# JRE version: OpenJDK Runtime Environment (8.0_275-b01) (build 1.8.0_275-8u275-b01-0ubuntu1~18.04-b01)
# Java VM: OpenJDK 64-Bit Server VM (25.275-b01 mixed mode linux-amd64 compressed oops)
Heap:
 PSYoungGen      total 199680K, used 63603K [0x00000000d8380000, 0x00000000e6780000, 0x0000000100000000)
  eden space 187392K, 33% used [0x00000000d8380000,0x00000000dc19cc10,0x00000000e3a80000)
  from space 12288K, 0% used [0x00000000e4700000,0x00000000e4700000,0x00000000e5300000)
  to   space 12800K, 0% used [0x00000000e3a80000,0x00000000e3a80000,0x00000000e4700000)
 ParOldGen       total 72704K, used 17051K [0x0000000088a00000, 0x000000008d100000, 0x00000000d8380000)
  object space 72704K, 23% used [0x0000000088a00000,0x0000000089aa6d30,0x000000008d100000)
 Metaspace       used 37029K, capacity 38448K, committed 38696K, reserved 1083392K
  class space    used 4822K, capacity 5308K, committed 5424K, reserved 1048576K
GC Heap History (10 events):
Event: 1.513 GC heap before
{Heap before GC invocations=6 (full 1):
 PSYoungGen      total 66560K, used 5094K [0x00000000d8380000, 0x00000000e0e80000, 0x0000000100000000)
  eden space 61440K, 0% used [0x00000000d8380000,0x00000000d8380000,0x00000000dbf80000)
  from space 5120K, 99% used [0x00000000dbf80000,0x00000000dc479808,0x00000000dc480000)
  to   space 9728K, 0% used [0x00000000e0500000,0x00000000e0500000,0x00000000e0e80000)
 ParOldGen       total 81920K, used 7729K [0x0000000088a00000, 0x000000008da00000, 0x00000000d8380000)
  object space 81920K, 9% used [0x0000000088a00000,0x000000008918c458,0x000000008da00000)
 Metaspace       used 20866K, capacity 21156K, committed 21296K, reserved 1067008K
  class space    used 2729K, capacity 2836K, committed 2864K, reserved 1048576K
Event: 1.534 GC heap after
Heap after GC invocations=6 (full 1):
 PSYoungGen      total 66560K, used 0K [0x00000000d8380000, 0x00000000e0e80000, 0x0000000100000000)
  eden space 61440K, 0% used [0x00000000d8380000,0x00000000d8380000,0x00000000dbf80000)
  from space 5120K, 0% used [0x00000000dbf80000,0x00000000dbf80000,0x00000000dc480000)
  to   space 9728K, 0% used [0x00000000e0500000,0x00000000e0500000,0x00000000e0e80000)
 ParOldGen       total 49152K, used 7194K [0x0000000088a00000, 0x000000008ba00000, 0x00000000d8380000)
  object space 49152K, 14% used [0x0000000088a00000,0x0000000089106850,0x000000008ba00000)
 Metaspace       used 20866K, capacity 21156K, committed 21296K, reserved 1067008K
  class space    used 2729K, capacity 2836K, committed 2864K, reserved 1048576K
}
Event: 2.333 GC heap before
{Heap before GC invocations=7 (full 1):
 PSYoungGen      total 66560K, used 61440K [0x00000000d8380000, 0x00000000e0e80000, 0x0000000100000000)
  eden space 61440K, 100% used [0x00000000d8380000,0x00000000dbf80000,0x00000000dbf80000)
  from space 5120K, 0% used [0x00000000dbf80000,0x00000000dbf80000,0x00000000dc480000)
  to   space 9728K, 0% used [0x00000000e0500000,0x00000000e0500000,0x00000000e0e80000)
 ParOldGen       total 49152K, used 7194K [0x0000000088a00000, 0x000000008ba00000, 0x00000000d8380000)
  object space 49152K, 14% used [0x0000000088a00000,0x0000000089106850,0x000000008ba00000)
 Metaspace       used 26913K, capacity 27680K, committed 27824K, reserved 1073152K
  class space    used 3522K, capacity 3722K, committed 3760K, reserved 1048576K
Event: 2.340 GC heap after
Heap after GC invocations=7 (full 1):
 PSYoungGen      total 115200K, used 6253K [0x00000000d8380000, 0x00000000e0b80000, 0x0000000100000000)
  eden space 108544K, 0% used [0x00000000d8380000,0x00000000d8380000,0x00000000ded80000)
  from space 6656K, 93% used [0x00000000e0500000,0x00000000e0b1b4f0,0x00000000e0b80000)
  to   space 9728K, 0% used [0x00000000df880000,0x00000000df880000,0x00000000e0200000)
 ParOldGen       total 49152K, used 7202K [0x0000000088a00000, 0x000000008ba00000, 0x00000000d8380000)
  object space 49152K, 14% used [0x0000000088a00000,0x0000000089108850,0x000000008ba00000)
 Metaspace       used 26913K, capacity 27680K, committed 27824K, reserved 1073152K
  class space    used 3522K, capacity 3722K, committed 3760K, reserved 1048576K
}
Event: 3.272 GC heap before
{Heap before GC invocations=8 (full 1):
 PSYoungGen      total 115200K, used 114797K [0x00000000d8380000, 0x00000000e0b80000, 0x0000000100000000)
  eden space 108544K, 100% used [0x00000000d8380000,0x00000000ded80000,0x00000000ded80000)
  from space 6656K, 93% used [0x00000000e0500000,0x00000000e0b1b4f0,0x00000000e0b80000)
  to   space 9728K, 0% used [0x00000000df880000,0x00000000df880000,0x00000000e0200000)
 ParOldGen       total 49152K, used 7202K [0x0000000088a00000, 0x000000008ba00000, 0x00000000d8380000)
  object space 49152K, 14% used [0x0000000088a00000,0x0000000089108850,0x000000008ba00000)
 Metaspace       used 33532K, capacity 34576K, committed 34864K, reserved 1079296K
  class space    used 4261K, capacity 4575K, committed 4656K, reserved 1048576K
Event: 3.288 GC heap after
Heap after GC invocations=8 (full 1):
 PSYoungGen      total 129536K, used 9714K [0x00000000d8380000, 0x00000000e5300000, 0x0000000100000000)
  eden space 119808K, 0% used [0x00000000d8380000,0x00000000d8380000,0x00000000df880000)
  from space 9728K, 99% used [0x00000000df880000,0x00000000e01fc958,0x00000000e0200000)
  to   space 12288K, 0% used [0x00000000e4700000,0x00000000e4700000,0x00000000e5300000)
 ParOldGen       total 49152K, used 10050K [0x0000000088a00000, 0x000000008ba00000, 0x00000000d8380000)
  object space 49152K, 20% used [0x0000000088a00000,0x00000000893d0b40,0x000000008ba00000)
 Metaspace       used 33532K, capacity 34576K, committed 34864K, reserved 1079296K
  class space    used 4261K, capacity 4575K, committed 4656K, reserved 1048576K
}
Event: 3.490 GC heap before
{Heap before GC invocations=9 (full 1):
 PSYoungGen      total 129536K, used 61731K [0x00000000d8380000, 0x00000000e5300000, 0x0000000100000000)
  eden space 119808K, 43% used [0x00000000d8380000,0x00000000db64c638,0x00000000df880000)
  from space 9728K, 99% used [0x00000000df880000,0x00000000e01fc958,0x00000000e0200000)
  to   space 12288K, 0% used [0x00000000e4700000,0x00000000e4700000,0x00000000e5300000)
 ParOldGen       total 49152K, used 10050K [0x0000000088a00000, 0x000000008ba00000, 0x00000000d8380000)
  object space 49152K, 20% used [0x0000000088a00000,0x00000000893d0b40,0x000000008ba00000)
 Metaspace       used 34300K, capacity 35376K, committed 35496K, reserved 1079296K
  class space    used 4406K, capacity 4770K, committed 4784K, reserved 1048576K
Event: 3.499 GC heap after
Heap after GC invocations=9 (full 1):
 PSYoungGen      total 199680K, used 10055K [0x00000000d8380000, 0x00000000e6780000, 0x0000000100000000)
  eden space 187392K, 0% used [0x00000000d8380000,0x00000000d8380000,0x00000000e3a80000)
  from space 12288K, 81% used [0x00000000e4700000,0x00000000e50d1f58,0x00000000e5300000)
  to   space 12800K, 0% used [0x00000000e3a80000,0x00000000e3a80000,0x00000000e4700000)
 ParOldGen       total 49152K, used 10058K [0x0000000088a00000, 0x000000008ba00000, 0x00000000d8380000)
  object space 49152K, 20% used [0x0000000088a00000,0x00000000893d2b40,0x000000008ba00000)
 Metaspace       used 34300K, capacity 35376K, committed 35496K, reserved 1079296K
  class space    used 4406K, capacity 4770K, committed 4784K, reserved 1048576K
}
Event: 3.499 GC heap before
{Heap before GC invocations=10 (full 2):
 PSYoungGen      total 199680K, used 10055K [0x00000000d8380000, 0x00000000e6780000, 0x0000000100000000)
  eden space 187392K, 0% used [0x00000000d8380000,0x00000000d8380000,0x00000000e3a80000)
  from space 12288K, 81% used [0x00000000e4700000,0x00000000e50d1f58,0x00000000e5300000)
  to   space 12800K, 0% used [0x00000000e3a80000,0x00000000e3a80000,0x00000000e4700000)
 ParOldGen       total 49152K, used 10058K [0x0000000088a00000, 0x000000008ba00000, 0x00000000d8380000)
  object space 49152K, 20% used [0x0000000088a00000,0x00000000893d2b40,0x000000008ba00000)
 Metaspace       used 34300K, capacity 35376K, committed 35496K, reserved 1079296K
  class space    used 4406K, capacity 4770K, committed 4784K, reserved 1048576K
Event: 3.551 GC heap after
Heap after GC invocations=10 (full 2):
 PSYoungGen      total 199680K, used 0K [0x00000000d8380000, 0x00000000e6780000, 0x0000000100000000)
  eden space 187392K, 0% used [0x00000000d8380000,0x00000000d8380000,0x00000000e3a80000)
  from space 12288K, 0% used [0x00000000e4700000,0x00000000e4700000,0x00000000e5300000)
  to   space 12800K, 0% used [0x00000000e3a80000,0x00000000e3a80000,0x00000000e4700000)
 ParOldGen       total 72704K, used 17051K [0x0000000088a00000, 0x000000008d100000, 0x00000000d8380000)
  object space 72704K, 23% used [0x0000000088a00000,0x0000000089aa6d30,0x000000008d100000)
 Metaspace       used 34300K, capacity 35376K, committed 35496K, reserved 1079296K
  class space    used 4406K, capacity 4770K, committed 4784K, reserved 1048576K
}

